Build started 3/31/2016 12:30:23 PM.
     1>Project "C:\serge\Vanier\courses\247-404-VA_Advanced Programming in C Language\W15\labs\Visual_studio_projects\win32_projects\win32_projects\win32_projects.vcxproj" on node 2 (build target(s)).
     1>InitializeBuildStatus:
         Creating "Debug\win32_projects.unsuccessfulbuild" because "AlwaysCreate" was specified.
       ClCompile:
         c:\Program Files (x86)\Microsoft Visual Studio 10.0\VC\bin\CL.exe /c /ZI /nologo /W3 /WX- /Od /Oy- /D WIN32 /D _DEBUG /D _CONSOLE /D _UNICODE /D UNICODE /Gm /EHsc /RTC1 /MDd /GS /fp:precise /Zc:wchar_t /Zc:forScope /Fo"Debug\\" /Fd"Debug\vc100.pdb" /Gd /TP /analyze- /errorReport:prompt totoa.cpp
         totoa.cpp
       ManifestResourceCompile:
         All outputs are up-to-date.
       Link:
         c:\Program Files (x86)\Microsoft Visual Studio 10.0\VC\bin\link.exe /ERRORREPORT:PROMPT /OUT:"C:\serge\Vanier\courses\247-404-VA_Advanced Programming in C Language\W15\labs\Visual_studio_projects\win32_projects\Debug\win32_projects.exe" /INCREMENTAL /NOLOGO kernel32.lib user32.lib gdi32.lib winspool.lib comdlg32.lib advapi32.lib shell32.lib ole32.lib oleaut32.lib uuid.lib odbc32.lib odbccp32.lib /MANIFEST /ManifestFile:"Debug\win32_projects.exe.intermediate.manifest" /MANIFESTUAC:"level='asInvoker' uiAccess='false'" /DEBUG /PDB:"C:\serge\Vanier\courses\247-404-VA_Advanced Programming in C Language\W15\labs\Visual_studio_projects\win32_projects\Debug\win32_projects.pdb" /SUBSYSTEM:CONSOLE /TLBID:1 /DYNAMICBASE /NXCOMPAT /IMPLIB:"C:\serge\Vanier\courses\247-404-VA_Advanced Programming in C Language\W15\labs\Visual_studio_projects\win32_projects\Debug\win32_projects.lib" /MACHINE:X86 Debug\win32_projects.exe.embed.manifest.res
         Debug\totoa.obj
       Manifest:
         C:\Program Files (x86)\Microsoft SDKs\Windows\v7.0A\bin\mt.exe /nologo /verbose /out:"Debug\win32_projects.exe.embed.manifest" /manifest Debug\win32_projects.exe.intermediate.manifest
         All outputs are up-to-date.
       LinkEmbedManifest:
         All outputs are up-to-date.
         win32_projects.vcxproj -> C:\serge\Vanier\courses\247-404-VA_Advanced Programming in C Language\W15\labs\Visual_studio_projects\win32_projects\Debug\win32_projects.exe
       FinalizeBuildStatus:
         Deleting file "Debug\win32_projects.unsuccessfulbuild".
         Touching "Debug\win32_projects.lastbuildstate".
     1>Done Building Project "C:\serge\Vanier\courses\247-404-VA_Advanced Programming in C Language\W15\labs\Visual_studio_projects\win32_projects\win32_projects\win32_projects.vcxproj" (build target(s)).

Build succeeded.

Time Elapsed 00:00:00.91
