Build started 5/3/2016 3:57:04 PM.
     1>Project "C:\serge\Vanier\courses\247-404-VA_Advanced Programming in C Language\projects\Visual_studio_projects\win32_projects\win32_projects\win32_projects.vcxproj" on node 2 (build target(s)).
     1>InitializeBuildStatus:
         Creating "Release\win32_projects.unsuccessfulbuild" because "AlwaysCreate" was specified.
       ClCompile:
         c:\Program Files (x86)\Microsoft Visual Studio 10.0\VC\bin\CL.exe /c /Zi /nologo /W3 /WX- /O2 /Oi /Oy- /GL /D WIN32 /D NDEBUG /D _CONSOLE /Gm- /EHsc /MD /GS /Gy /fp:precise /Zc:wchar_t /Zc:forScope /Fo"Release\\" /Fd"Release\vc100.pdb" /Gd /TP /analyze- /errorReport:prompt totoa.cpp
         totoa.cpp
       Link:
         c:\Program Files (x86)\Microsoft Visual Studio 10.0\VC\bin\link.exe /ERRORREPORT:PROMPT /OUT:"C:\serge\Vanier\courses\247-404-VA_Advanced Programming in C Language\projects\Visual_studio_projects\win32_projects\Release\win32_projects.exe" /INCREMENTAL:NO /NOLOGO kernel32.lib user32.lib gdi32.lib winspool.lib comdlg32.lib advapi32.lib shell32.lib ole32.lib oleaut32.lib uuid.lib odbc32.lib odbccp32.lib /MANIFEST /ManifestFile:"Release\win32_projects.exe.intermediate.manifest" /MANIFESTUAC:"level='asInvoker' uiAccess='false'" /DEBUG /PDB:"C:\serge\Vanier\courses\247-404-VA_Advanced Programming in C Language\projects\Visual_studio_projects\win32_projects\Release\win32_projects.pdb" /SUBSYSTEM:CONSOLE /OPT:REF /OPT:ICF /LTCG /TLBID:1 /DYNAMICBASE /NXCOMPAT /IMPLIB:"C:\serge\Vanier\courses\247-404-VA_Advanced Programming in C Language\projects\Visual_studio_projects\win32_projects\Release\win32_projects.lib" /MACHINE:X86 Release\totoa.obj
         Generating code
         Finished generating code
         win32_projects.vcxproj -> C:\serge\Vanier\courses\247-404-VA_Advanced Programming in C Language\projects\Visual_studio_projects\win32_projects\Release\win32_projects.exe
       Manifest:
         C:\Program Files (x86)\Microsoft SDKs\Windows\v7.0A\bin\mt.exe /nologo /verbose /outputresource:"C:\serge\Vanier\courses\247-404-VA_Advanced Programming in C Language\projects\Visual_studio_projects\win32_projects\Release\win32_projects.exe;#1" /manifest Release\win32_projects.exe.intermediate.manifest
       FinalizeBuildStatus:
         Deleting file "Release\win32_projects.unsuccessfulbuild".
         Touching "Release\win32_projects.lastbuildstate".
     1>Done Building Project "C:\serge\Vanier\courses\247-404-VA_Advanced Programming in C Language\projects\Visual_studio_projects\win32_projects\win32_projects\win32_projects.vcxproj" (build target(s)).

Build succeeded.

Time Elapsed 00:00:00.66
