C:\SERGE\VANIER\COURSES\247-404-VA_ADVANCED PROGRAMMING IN C LANGUAGE\VISUAL_STUDIO_PROJECTS\WIN32_PROJECTS\RELEASE\WIN32_PROJECTS.EXE
C:\SERGE\VANIER\COURSES\247-404-VA_ADVANCED PROGRAMMING IN C LANGUAGE\VISUAL_STUDIO_PROJECTS\WIN32_PROJECTS\RELEASE\WIN32_PROJECTS.PDB
C:\serge\Vanier\courses\247-404-VA_Advanced Programming in C Language\Visual_studio_projects\win32_projects\win32_projects\Release\cl.command.1.tlog
C:\serge\Vanier\courses\247-404-VA_Advanced Programming in C Language\Visual_studio_projects\win32_projects\win32_projects\Release\CL.read.1.tlog
C:\serge\Vanier\courses\247-404-VA_Advanced Programming in C Language\Visual_studio_projects\win32_projects\win32_projects\Release\CL.write.1.tlog
C:\serge\Vanier\courses\247-404-VA_Advanced Programming in C Language\Visual_studio_projects\win32_projects\win32_projects\Release\link.command.1.tlog
C:\serge\Vanier\courses\247-404-VA_Advanced Programming in C Language\Visual_studio_projects\win32_projects\win32_projects\Release\link.read.1.tlog
C:\serge\Vanier\courses\247-404-VA_Advanced Programming in C Language\Visual_studio_projects\win32_projects\win32_projects\Release\link.write.1.tlog
C:\serge\Vanier\courses\247-404-VA_Advanced Programming in C Language\Visual_studio_projects\win32_projects\win32_projects\Release\mt.command.1.tlog
C:\serge\Vanier\courses\247-404-VA_Advanced Programming in C Language\Visual_studio_projects\win32_projects\win32_projects\Release\mt.read.1.tlog
C:\serge\Vanier\courses\247-404-VA_Advanced Programming in C Language\Visual_studio_projects\win32_projects\win32_projects\Release\mt.write.1.tlog
C:\serge\Vanier\courses\247-404-VA_Advanced Programming in C Language\Visual_studio_projects\win32_projects\win32_projects\Release\serial_DCB.obj
C:\SERGE\VANIER\COURSES\247-404-VA_ADVANCED PROGRAMMING IN C LANGUAGE\VISUAL_STUDIO_PROJECTS\WIN32_PROJECTS\WIN32_PROJECTS\RELEASE\TOTO.OBJ
C:\SERGE\VANIER\COURSES\247-404-VA_ADVANCED PROGRAMMING IN C LANGUAGE\VISUAL_STUDIO_PROJECTS\WIN32_PROJECTS\WIN32_PROJECTS\RELEASE\UNION.OBJ
C:\SERGE\VANIER\COURSES\247-404-VA_ADVANCED PROGRAMMING IN C LANGUAGE\VISUAL_STUDIO_PROJECTS\WIN32_PROJECTS\WIN32_PROJECTS\RELEASE\VC100.PDB
C:\SERGE\VANIER\COURSES\247-404-VA_ADVANCED PROGRAMMING IN C LANGUAGE\VISUAL_STUDIO_PROJECTS\WIN32_PROJECTS\WIN32_PROJECTS\RELEASE\WIN32_PROJECTS.EXE.INTERMEDIATE.MANIFEST
C:\serge\Vanier\courses\247-404-VA_Advanced Programming in C Language\Visual_studio_projects\win32_projects\win32_projects\Release\win32_projects.vcxprojResolveAssemblyReference.cache
C:\serge\Vanier\courses\247-404-VA_Advanced Programming in C Language\Visual_studio_projects\win32_projects\win32_projects\Release\win32_projects.write.1.tlog
C:\SERGE\VANIER\COURSES\247-404-VA_ADVANCED PROGRAMMING IN C LANGUAGE\W15\LABS\VISUAL_STUDIO_PROJECTS\WIN32_PROJECTS\RELEASE\WIN32_PROJECTS.EXE
C:\SERGE\VANIER\COURSES\247-404-VA_ADVANCED PROGRAMMING IN C LANGUAGE\W15\LABS\VISUAL_STUDIO_PROJECTS\WIN32_PROJECTS\RELEASE\WIN32_PROJECTS.PDB
C:\SERGE\VANIER\COURSES\247-404-VA_ADVANCED PROGRAMMING IN C LANGUAGE\W15\LABS\VISUAL_STUDIO_PROJECTS\WIN32_PROJECTS\WIN32_PROJECTS\RELEASE\SERIAL_DCB.OBJ
C:\SERGE\VANIER\COURSES\247-404-VA_ADVANCED PROGRAMMING IN C LANGUAGE\W15\LABS\VISUAL_STUDIO_PROJECTS\WIN32_PROJECTS\WIN32_PROJECTS\RELEASE\VC100.PDB
C:\SERGE\VANIER\COURSES\247-404-VA_ADVANCED PROGRAMMING IN C LANGUAGE\W15\LABS\VISUAL_STUDIO_PROJECTS\WIN32_PROJECTS\WIN32_PROJECTS\RELEASE\WIN32_PROJECTS.EXE.INTERMEDIATE.MANIFEST
